::1 - - [19/Apr/2017:01:50:55 +0000] "GET / HTTP/1.1" 304 -
::1 - - [19/Apr/2017:01:50:55 +0000] "GET /javascripts/build.js HTTP/1.1" 304 -
::1 - - [19/Apr/2017:01:50:55 +0000] "GET /javascripts/fonts/68ed1dac.glyphicons-halflings-regular.woff HTTP/1.1" 304 -
::1 - - [19/Apr/2017:01:51:02 +0000] "GET / HTTP/1.1" 304 -
::1 - - [19/Apr/2017:01:51:02 +0000] "GET /javascripts/build.js HTTP/1.1" 304 -
::1 - - [19/Apr/2017:01:51:02 +0000] "GET /javascripts/fonts/68ed1dac.glyphicons-halflings-regular.woff HTTP/1.1" 304 -
::1 - - [19/Apr/2017:01:51:03 +0000] "GET / HTTP/1.1" 304 -
::1 - - [19/Apr/2017:01:51:03 +0000] "GET /javascripts/build.js HTTP/1.1" 304 -
::1 - - [19/Apr/2017:01:51:03 +0000] "GET /javascripts/fonts/68ed1dac.glyphicons-halflings-regular.woff HTTP/1.1" 304 -
::1 - - [19/Apr/2017:01:51:28 +0000] "GET / HTTP/1.1" 304 -
::1 - - [19/Apr/2017:01:51:28 +0000] "GET /javascripts/build.js HTTP/1.1" 304 -
::1 - - [19/Apr/2017:01:51:28 +0000] "GET /javascripts/fonts/68ed1dac.glyphicons-halflings-regular.woff HTTP/1.1" 304 -
::1 - - [19/Apr/2017:01:51:31 +0000] "GET / HTTP/1.1" 304 -
::1 - - [19/Apr/2017:01:51:31 +0000] "GET /javascripts/build.js HTTP/1.1" 304 -
::1 - - [19/Apr/2017:01:51:31 +0000] "GET /javascripts/fonts/68ed1dac.glyphicons-halflings-regular.woff HTTP/1.1" 304 -
::1 - - [19/Apr/2017:01:51:36 +0000] "GET / HTTP/1.1" 304 -
::1 - - [19/Apr/2017:01:51:36 +0000] "GET /javascripts/build.js HTTP/1.1" 304 -
::1 - - [19/Apr/2017:01:51:36 +0000] "GET /javascripts/fonts/68ed1dac.glyphicons-halflings-regular.woff HTTP/1.1" 304 -
::1 - - [19/Apr/2017:01:51:49 +0000] "GET / HTTP/1.1" 304 -
::1 - - [19/Apr/2017:01:51:49 +0000] "GET /javascripts/build.js HTTP/1.1" 304 -
::1 - - [19/Apr/2017:01:51:49 +0000] "GET /javascripts/fonts/68ed1dac.glyphicons-halflings-regular.woff HTTP/1.1" 304 -
::1 - - [19/Apr/2017:02:44:46 +0000] "GET / HTTP/1.1" 304 -
::1 - - [19/Apr/2017:02:44:46 +0000] "GET /javascripts/build.js HTTP/1.1" 200 2902148
::1 - - [19/Apr/2017:02:44:46 +0000] "GET /javascripts/fonts/68ed1dac.glyphicons-halflings-regular.woff HTTP/1.1" 304 -
::1 - - [19/Apr/2017:02:45:08 +0000] "GET / HTTP/1.1" 304 -
::1 - - [19/Apr/2017:02:45:12 +0000] "GET /javascripts/build.js HTTP/1.1" 200 2902156
::1 - - [19/Apr/2017:02:45:12 +0000] "GET /javascripts/fonts/68ed1dac.glyphicons-halflings-regular.woff HTTP/1.1" 304 -
::1 - - [19/Apr/2017:02:51:42 +0000] "GET / HTTP/1.1" 304 -
::1 - - [19/Apr/2017:02:51:47 +0000] "GET /javascripts/build.js HTTP/1.1" 200 2907322
::1 - - [19/Apr/2017:02:51:47 +0000] "GET /javascripts/fonts/68ed1dac.glyphicons-halflings-regular.woff HTTP/1.1" 304 -
::1 - - [19/Apr/2017:02:56:48 +0000] "GET / HTTP/1.1" 304 -
::1 - - [19/Apr/2017:02:56:50 +0000] "GET /javascripts/build.js HTTP/1.1" 200 2907445
::1 - - [19/Apr/2017:02:56:50 +0000] "GET /javascripts/fonts/68ed1dac.glyphicons-halflings-regular.woff HTTP/1.1" 304 -
::1 - - [19/Apr/2017:02:57:16 +0000] "GET / HTTP/1.1" 304 -
::1 - - [19/Apr/2017:02:57:19 +0000] "GET /javascripts/build.js HTTP/1.1" 200 2907451
::1 - - [19/Apr/2017:02:57:19 +0000] "GET /javascripts/fonts/68ed1dac.glyphicons-halflings-regular.woff HTTP/1.1" 304 -
::1 - - [19/Apr/2017:02:59:04 +0000] "GET / HTTP/1.1" 304 -
::1 - - [19/Apr/2017:02:59:05 +0000] "GET /javascripts/build.js HTTP/1.1" 200 2907572
::1 - - [19/Apr/2017:02:59:06 +0000] "GET /javascripts/fonts/68ed1dac.glyphicons-halflings-regular.woff HTTP/1.1" 304 -
::1 - - [19/Apr/2017:02:59:17 +0000] "GET / HTTP/1.1" 304 -
::1 - - [19/Apr/2017:02:59:17 +0000] "GET /javascripts/build.js HTTP/1.1" 304 -
::1 - - [19/Apr/2017:02:59:21 +0000] "GET / HTTP/1.1" 304 -
::1 - - [19/Apr/2017:02:59:21 +0000] "GET /javascripts/build.js HTTP/1.1" 304 -
::1 - - [19/Apr/2017:02:59:29 +0000] "GET /javascripts/fonts/68ed1dac.glyphicons-halflings-regular.woff HTTP/1.1" 304 -
::1 - - [19/Apr/2017:03:25:03 +0000] "GET / HTTP/1.1" 304 -
::1 - - [19/Apr/2017:03:25:03 +0000] "GET /javascripts/build.js HTTP/1.1" 200 2907802
::1 - - [19/Apr/2017:03:25:03 +0000] "GET /javascripts/fonts/68ed1dac.glyphicons-halflings-regular.woff HTTP/1.1" 304 -
::1 - - [19/Apr/2017:03:25:11 +0000] "GET / HTTP/1.1" 304 -
::1 - - [19/Apr/2017:03:25:11 +0000] "GET /javascripts/build.js HTTP/1.1" 304 -
::1 - - [19/Apr/2017:03:27:18 +0000] "GET / HTTP/1.1" 304 -
::1 - - [19/Apr/2017:03:27:21 +0000] "GET /javascripts/build.js HTTP/1.1" 200 2907934
::1 - - [19/Apr/2017:03:27:50 +0000] "GET / HTTP/1.1" 304 -
::1 - - [19/Apr/2017:03:27:52 +0000] "GET /javascripts/build.js HTTP/1.1" 200 2907956
::1 - - [19/Apr/2017:03:28:11 +0000] "GET / HTTP/1.1" 304 -
::1 - - [19/Apr/2017:03:28:15 +0000] "GET /javascripts/build.js HTTP/1.1" 200 2908162
::1 - - [19/Apr/2017:03:29:07 +0000] "GET / HTTP/1.1" 304 -
::1 - - [19/Apr/2017:03:29:07 +0000] "GET /javascripts/build.js HTTP/1.1" 304 -
::1 - - [19/Apr/2017:03:29:08 +0000] "GET / HTTP/1.1" 304 -
::1 - - [19/Apr/2017:03:29:08 +0000] "GET /javascripts/build.js HTTP/1.1" 304 -
::1 - - [19/Apr/2017:03:29:09 +0000] "GET / HTTP/1.1" 304 -
::1 - - [19/Apr/2017:03:29:09 +0000] "GET /javascripts/build.js HTTP/1.1" 304 -
::1 - - [19/Apr/2017:03:29:13 +0000] "GET / HTTP/1.1" 304 -
::1 - - [19/Apr/2017:03:29:17 +0000] "GET /javascripts/build.js HTTP/1.1" 200 2908147
::1 - - [19/Apr/2017:03:29:42 +0000] "GET / HTTP/1.1" 304 -
::1 - - [19/Apr/2017:03:29:42 +0000] "GET /javascripts/build.js HTTP/1.1" 200 2907937
::1 - - [19/Apr/2017:03:29:43 +0000] "GET / HTTP/1.1" 304 -
::1 - - [19/Apr/2017:03:29:43 +0000] "GET /javascripts/build.js HTTP/1.1" 304 -
::1 - - [19/Apr/2017:03:29:44 +0000] "GET / HTTP/1.1" 304 -
::1 - - [19/Apr/2017:03:29:44 +0000] "GET /javascripts/build.js HTTP/1.1" 304 -
::1 - - [19/Apr/2017:05:48:17 +0000] "POST /userLogin HTTP/1.1" 200 42
::1 - - [19/Apr/2017:06:06:02 +0000] "GET / HTTP/1.1" 304 -
::1 - - [19/Apr/2017:06:06:02 +0000] "GET /javascripts/build.js HTTP/1.1" 200 2904882
::1 - - [19/Apr/2017:06:11:25 +0000] "GET / HTTP/1.1" 304 - "-" "Mozilla/5.0 (Windows NT 10.0; Win64; x64) AppleWebKit/537.36 (KHTML, like Gecko) Chrome/56.0.2924.87 Safari/537.36"
::1 - - [19/Apr/2017:06:11:25 +0000] "GET /javascripts/build.js HTTP/1.1" 304 - "http://localhost:8080/" "Mozilla/5.0 (Windows NT 10.0; Win64; x64) AppleWebKit/537.36 (KHTML, like Gecko) Chrome/56.0.2924.87 Safari/537.36"
::1 - - [19/Apr/2017:07:09:16 +0000] "GET / HTTP/1.1" 304 - "-" "Mozilla/5.0 (Windows NT 10.0; Win64; x64) AppleWebKit/537.36 (KHTML, like Gecko) Chrome/56.0.2924.87 Safari/537.36"
::1 - - [19/Apr/2017:07:09:16 +0000] "GET /javascripts/build.js HTTP/1.1" 304 - "http://localhost:8080/" "Mozilla/5.0 (Windows NT 10.0; Win64; x64) AppleWebKit/537.36 (KHTML, like Gecko) Chrome/56.0.2924.87 Safari/537.36"
::1 - - [19/Apr/2017:07:09:45 +0000] "GET /javascripts/fonts/68ed1dac.glyphicons-halflings-regular.woff HTTP/1.1" 304 - "http://localhost:8080/" "Mozilla/5.0 (Windows NT 10.0; Win64; x64) AppleWebKit/537.36 (KHTML, like Gecko) Chrome/56.0.2924.87 Safari/537.36"
